[1.102s] Invoking command in '/home/samar/my_workspace/src/my_tcp_sender': PYTHONPATH=/home/samar/my_workspace/build/my_tcp_sender/prefix_override:/usr/lib/python3/dist-packages/colcon_core/task/python/colcon_distutils_commands:/home/samar/my_workspace/install/my_tcp_sender/lib/python3.10/site-packages:${PYTHONPATH} /usr/bin/python3 -W ignore:setup.py install is deprecated setup.py egg_info --egg-base ../../build/my_tcp_sender build --build-base /home/samar/my_workspace/build/my_tcp_sender/build install --record /home/samar/my_workspace/build/my_tcp_sender/install.log --single-version-externally-managed
[1.392s] running egg_info
[1.412s] writing ../../build/my_tcp_sender/my_tcp_sender.egg-info/PKG-INFO
[1.413s] writing dependency_links to ../../build/my_tcp_sender/my_tcp_sender.egg-info/dependency_links.txt
[1.413s] writing entry points to ../../build/my_tcp_sender/my_tcp_sender.egg-info/entry_points.txt
[1.413s] writing requirements to ../../build/my_tcp_sender/my_tcp_sender.egg-info/requires.txt
[1.413s] writing top-level names to ../../build/my_tcp_sender/my_tcp_sender.egg-info/top_level.txt
[1.620s] reading manifest file '../../build/my_tcp_sender/my_tcp_sender.egg-info/SOURCES.txt'
[1.621s] writing manifest file '../../build/my_tcp_sender/my_tcp_sender.egg-info/SOURCES.txt'
[1.621s] running build
[1.621s] running build_py
[1.621s] copying my_tcp_sender/temp_control_node.py -> /home/samar/my_workspace/build/my_tcp_sender/build/lib/my_tcp_sender
[1.622s] copying my_tcp_sender/__init__.py -> /home/samar/my_workspace/build/my_tcp_sender/build/lib/my_tcp_sender
[1.622s] copying my_tcp_sender/turtle_control_node.py -> /home/samar/my_workspace/build/my_tcp_sender/build/lib/my_tcp_sender
[1.622s] copying my_tcp_sender/tcp_sender_node.py -> /home/samar/my_workspace/build/my_tcp_sender/build/lib/my_tcp_sender
[1.623s] running install
[1.628s] running install_lib
[1.652s] copying /home/samar/my_workspace/build/my_tcp_sender/build/lib/my_tcp_sender/temp_control_node.py -> /home/samar/my_workspace/install/my_tcp_sender/lib/python3.10/site-packages/my_tcp_sender
[1.653s] copying /home/samar/my_workspace/build/my_tcp_sender/build/lib/my_tcp_sender/turtle_control_node.py -> /home/samar/my_workspace/install/my_tcp_sender/lib/python3.10/site-packages/my_tcp_sender
[1.653s] byte-compiling /home/samar/my_workspace/install/my_tcp_sender/lib/python3.10/site-packages/my_tcp_sender/temp_control_node.py to temp_control_node.cpython-310.pyc
[1.655s] byte-compiling /home/samar/my_workspace/install/my_tcp_sender/lib/python3.10/site-packages/my_tcp_sender/turtle_control_node.py to turtle_control_node.cpython-310.pyc
[1.655s] running install_egg_info
[1.802s] removing '/home/samar/my_workspace/install/my_tcp_sender/lib/python3.10/site-packages/my_tcp_sender-0.0.1-py3.10.egg-info' (and everything under it)
[1.803s] Copying ../../build/my_tcp_sender/my_tcp_sender.egg-info to /home/samar/my_workspace/install/my_tcp_sender/lib/python3.10/site-packages/my_tcp_sender-0.0.1-py3.10.egg-info
[1.805s] running install_scripts
[1.867s] Installing tcp_sender_node script to /home/samar/my_workspace/install/my_tcp_sender/lib/my_tcp_sender
[1.868s] Installing temp_control_node script to /home/samar/my_workspace/install/my_tcp_sender/lib/my_tcp_sender
[1.868s] Installing turtle_control_node script to /home/samar/my_workspace/install/my_tcp_sender/lib/my_tcp_sender
[1.868s] writing list of installed files to '/home/samar/my_workspace/build/my_tcp_sender/install.log'
[1.901s] Invoked command in '/home/samar/my_workspace/src/my_tcp_sender' returned '0': PYTHONPATH=/home/samar/my_workspace/build/my_tcp_sender/prefix_override:/usr/lib/python3/dist-packages/colcon_core/task/python/colcon_distutils_commands:/home/samar/my_workspace/install/my_tcp_sender/lib/python3.10/site-packages:${PYTHONPATH} /usr/bin/python3 -W ignore:setup.py install is deprecated setup.py egg_info --egg-base ../../build/my_tcp_sender build --build-base /home/samar/my_workspace/build/my_tcp_sender/build install --record /home/samar/my_workspace/build/my_tcp_sender/install.log --single-version-externally-managed
