running develop
/home/samar/.local/lib/python3.10/site-packages/setuptools/command/develop.py:42: EasyInstallDeprecationWarning: easy_install command is deprecated.
!!

        ********************************************************************************
        Please avoid running ``setup.py`` and ``easy_install``.
        Instead, use pypa/build, pypa/installer or other
        standards-based tools.

        See https://github.com/pypa/setuptools/issues/917 for details.
        ********************************************************************************

!!
  easy_install.initialize_options(self)
running egg_info
writing my_tcp_sender.egg-info/PKG-INFO
writing dependency_links to my_tcp_sender.egg-info/dependency_links.txt
writing entry points to my_tcp_sender.egg-info/entry_points.txt
writing requirements to my_tcp_sender.egg-info/requires.txt
writing top-level names to my_tcp_sender.egg-info/top_level.txt
reading manifest file 'my_tcp_sender.egg-info/SOURCES.txt'
writing manifest file 'my_tcp_sender.egg-info/SOURCES.txt'
running build_ext
Creating /home/samar/my_workspace/install/my_tcp_sender/lib/python3.10/site-packages/my-tcp-sender.egg-link (link to .)
Installing tcp_sender_node script to /home/samar/my_workspace/install/my_tcp_sender/lib/my_tcp_sender
Installing temp_control_node script to /home/samar/my_workspace/install/my_tcp_sender/lib/my_tcp_sender

Installed /home/samar/my_workspace/build/my_tcp_sender
running symlink_data
