[1.047s] Invoking command in '/home/samar/my_workspace/build/my_tcp_sender': PYTHONPATH=/home/samar/my_workspace/build/my_tcp_sender/prefix_override:/usr/lib/python3/dist-packages/colcon_core/task/python/colcon_distutils_commands:/home/samar/my_workspace/install/my_tcp_sender/lib/python3.10/site-packages:${PYTHONPATH} /usr/bin/python3 -W ignore:setup.py install is deprecated setup.py develop --editable --build-directory /home/samar/my_workspace/build/my_tcp_sender/build --no-deps symlink_data
[1.480s] running develop
[1.480s] /home/samar/.local/lib/python3.10/site-packages/setuptools/command/develop.py:42: EasyInstallDeprecationWarning: easy_install command is deprecated.
[1.480s] !!
[1.480s] 
[1.480s]         ********************************************************************************
[1.480s]         Please avoid running ``setup.py`` and ``easy_install``.
[1.480s]         Instead, use pypa/build, pypa/installer or other
[1.480s]         standards-based tools.
[1.480s] 
[1.480s]         See https://github.com/pypa/setuptools/issues/917 for details.
[1.481s]         ********************************************************************************
[1.481s] 
[1.481s] !!
[1.481s]   easy_install.initialize_options(self)
[1.762s] running egg_info
[1.780s] writing my_tcp_sender.egg-info/PKG-INFO
[1.781s] writing dependency_links to my_tcp_sender.egg-info/dependency_links.txt
[1.781s] writing entry points to my_tcp_sender.egg-info/entry_points.txt
[1.781s] writing requirements to my_tcp_sender.egg-info/requires.txt
[1.781s] writing top-level names to my_tcp_sender.egg-info/top_level.txt
[1.829s] reading manifest file 'my_tcp_sender.egg-info/SOURCES.txt'
[1.830s] writing manifest file 'my_tcp_sender.egg-info/SOURCES.txt'
[1.851s] running build_ext
[1.851s] Creating /home/samar/my_workspace/install/my_tcp_sender/lib/python3.10/site-packages/my-tcp-sender.egg-link (link to .)
[1.852s] Installing tcp_sender_node script to /home/samar/my_workspace/install/my_tcp_sender/lib/my_tcp_sender
[1.852s] Installing temp_control_node script to /home/samar/my_workspace/install/my_tcp_sender/lib/my_tcp_sender
[1.852s] 
[1.852s] Installed /home/samar/my_workspace/build/my_tcp_sender
[1.852s] running symlink_data
[1.886s] Invoked command in '/home/samar/my_workspace/build/my_tcp_sender' returned '0': PYTHONPATH=/home/samar/my_workspace/build/my_tcp_sender/prefix_override:/usr/lib/python3/dist-packages/colcon_core/task/python/colcon_distutils_commands:/home/samar/my_workspace/install/my_tcp_sender/lib/python3.10/site-packages:${PYTHONPATH} /usr/bin/python3 -W ignore:setup.py install is deprecated setup.py develop --editable --build-directory /home/samar/my_workspace/build/my_tcp_sender/build --no-deps symlink_data
