[0.112s] DEBUG:colcon:Command line arguments: ['/usr/bin/colcon', 'build']
[0.112s] DEBUG:colcon:Parsed command line arguments: Namespace(log_base=None, log_level=None, verb_name='build', build_base='build', install_base='install', merge_install=False, symlink_install=False, test_result_base=None, continue_on_error=False, executor='parallel', parallel_workers=4, event_handlers=None, ignore_user_meta=False, metas=['./colcon.meta'], base_paths=['.'], packages_ignore=None, packages_ignore_regex=None, paths=None, packages_up_to=None, packages_up_to_regex=None, packages_above=None, packages_above_and_dependencies=None, packages_above_depth=None, packages_select_by_dep=None, packages_skip_by_dep=None, packages_skip_up_to=None, packages_select_build_failed=False, packages_skip_build_finished=False, packages_select_test_failures=False, packages_skip_test_passed=False, packages_select=None, packages_skip=None, packages_select_regex=None, packages_skip_regex=None, packages_start=None, packages_end=None, allow_overriding=[], cmake_args=None, cmake_target=None, cmake_target_skip_unavailable=False, cmake_clean_cache=False, cmake_clean_first=False, cmake_force_configure=False, ament_cmake_args=None, catkin_cmake_args=None, catkin_skip_building_tests=False, mixin_files=None, mixin=None, verb_parser=<colcon_mixin.mixin.mixin_argument.MixinArgumentDecorator object at 0x78210a774490>, verb_extension=<colcon_core.verb.build.BuildVerb object at 0x78210a743f40>, main=<bound method BuildVerb.main of <colcon_core.verb.build.BuildVerb object at 0x78210a743f40>>, mixin_verb=('build',))
[0.154s] Level 1:colcon.colcon_core.package_discovery:discover_packages(colcon_meta) check parameters
[0.154s] Level 1:colcon.colcon_core.package_discovery:discover_packages(recursive) check parameters
[0.154s] Level 1:colcon.colcon_core.package_discovery:discover_packages(ignore) check parameters
[0.154s] Level 1:colcon.colcon_core.package_discovery:discover_packages(path) check parameters
[0.155s] Level 1:colcon.colcon_core.package_discovery:discover_packages(colcon_meta) discover
[0.155s] Level 1:colcon.colcon_core.package_discovery:discover_packages(recursive) discover
[0.155s] INFO:colcon.colcon_core.package_discovery:Crawling recursively for packages in '/home/samar/my_workspace'
[0.155s] Level 1:colcon.colcon_core.package_identification:_identify(.) by extensions ['ignore', 'ignore_ament_install']
[0.155s] Level 1:colcon.colcon_core.package_identification:_identify(.) by extension 'ignore'
[0.155s] Level 1:colcon.colcon_core.package_identification:_identify(.) by extension 'ignore_ament_install'
[0.155s] Level 1:colcon.colcon_core.package_identification:_identify(.) by extensions ['colcon_pkg']
[0.155s] Level 1:colcon.colcon_core.package_identification:_identify(.) by extension 'colcon_pkg'
[0.155s] Level 1:colcon.colcon_core.package_identification:_identify(.) by extensions ['colcon_meta']
[0.155s] Level 1:colcon.colcon_core.package_identification:_identify(.) by extension 'colcon_meta'
[0.155s] Level 1:colcon.colcon_core.package_identification:_identify(.) by extensions ['ros']
[0.155s] Level 1:colcon.colcon_core.package_identification:_identify(.) by extension 'ros'
[0.170s] Level 1:colcon.colcon_core.package_identification:_identify(.) by extensions ['cmake', 'python']
[0.170s] Level 1:colcon.colcon_core.package_identification:_identify(.) by extension 'cmake'
[0.170s] Level 1:colcon.colcon_core.package_identification:_identify(.) by extension 'python'
[0.170s] Level 1:colcon.colcon_core.package_identification:_identify(.) by extensions ['python_setup_py']
[0.170s] Level 1:colcon.colcon_core.package_identification:_identify(.) by extension 'python_setup_py'
[0.170s] Level 1:colcon.colcon_core.package_identification:_identify(build) by extensions ['ignore', 'ignore_ament_install']
[0.171s] Level 1:colcon.colcon_core.package_identification:_identify(build) by extension 'ignore'
[0.171s] Level 1:colcon.colcon_core.package_identification:_identify(build) ignored
[0.171s] Level 1:colcon.colcon_core.package_identification:_identify(install) by extensions ['ignore', 'ignore_ament_install']
[0.171s] Level 1:colcon.colcon_core.package_identification:_identify(install) by extension 'ignore'
[0.171s] Level 1:colcon.colcon_core.package_identification:_identify(install) ignored
[0.171s] Level 1:colcon.colcon_core.package_identification:_identify(log) by extensions ['ignore', 'ignore_ament_install']
[0.171s] Level 1:colcon.colcon_core.package_identification:_identify(log) by extension 'ignore'
[0.171s] Level 1:colcon.colcon_core.package_identification:_identify(log) ignored
[0.171s] Level 1:colcon.colcon_core.package_identification:_identify(src) by extensions ['ignore', 'ignore_ament_install']
[0.171s] Level 1:colcon.colcon_core.package_identification:_identify(src) by extension 'ignore'
[0.171s] Level 1:colcon.colcon_core.package_identification:_identify(src) by extension 'ignore_ament_install'
[0.172s] Level 1:colcon.colcon_core.package_identification:_identify(src) by extensions ['colcon_pkg']
[0.172s] Level 1:colcon.colcon_core.package_identification:_identify(src) by extension 'colcon_pkg'
[0.172s] Level 1:colcon.colcon_core.package_identification:_identify(src) by extensions ['colcon_meta']
[0.172s] Level 1:colcon.colcon_core.package_identification:_identify(src) by extension 'colcon_meta'
[0.172s] Level 1:colcon.colcon_core.package_identification:_identify(src) by extensions ['ros']
[0.172s] Level 1:colcon.colcon_core.package_identification:_identify(src) by extension 'ros'
[0.172s] Level 1:colcon.colcon_core.package_identification:_identify(src) by extensions ['cmake', 'python']
[0.172s] Level 1:colcon.colcon_core.package_identification:_identify(src) by extension 'cmake'
[0.172s] Level 1:colcon.colcon_core.package_identification:_identify(src) by extension 'python'
[0.172s] Level 1:colcon.colcon_core.package_identification:_identify(src) by extensions ['python_setup_py']
[0.172s] Level 1:colcon.colcon_core.package_identification:_identify(src) by extension 'python_setup_py'
[0.172s] Level 1:colcon.colcon_core.package_identification:_identify(src/my_tcp_sender) by extensions ['ignore', 'ignore_ament_install']
[0.172s] Level 1:colcon.colcon_core.package_identification:_identify(src/my_tcp_sender) by extension 'ignore'
[0.172s] Level 1:colcon.colcon_core.package_identification:_identify(src/my_tcp_sender) by extension 'ignore_ament_install'
[0.172s] Level 1:colcon.colcon_core.package_identification:_identify(src/my_tcp_sender) by extensions ['colcon_pkg']
[0.172s] Level 1:colcon.colcon_core.package_identification:_identify(src/my_tcp_sender) by extension 'colcon_pkg'
[0.172s] Level 1:colcon.colcon_core.package_identification:_identify(src/my_tcp_sender) by extensions ['colcon_meta']
[0.173s] Level 1:colcon.colcon_core.package_identification:_identify(src/my_tcp_sender) by extension 'colcon_meta'
[0.173s] Level 1:colcon.colcon_core.package_identification:_identify(src/my_tcp_sender) by extensions ['ros']
[0.173s] Level 1:colcon.colcon_core.package_identification:_identify(src/my_tcp_sender) by extension 'ros'
[0.173s] DEBUG:colcon.colcon_core.package_identification:Failed to parse potential ROS package manifest in'src/my_tcp_sender': Error(s) in package 'src/my_tcp_sender/package.xml':
The manifest contains invalid XML:
XML or text declaration not at start of entity: line 18, column 0
[0.173s] Level 1:colcon.colcon_core.package_identification:_identify(src/my_tcp_sender) by extensions ['cmake', 'python']
[0.174s] Level 1:colcon.colcon_core.package_identification:_identify(src/my_tcp_sender) by extension 'cmake'
[0.174s] Level 1:colcon.colcon_core.package_identification:_identify(src/my_tcp_sender) by extension 'python'
[0.174s] DEBUG:colcon.colcon_core.package_identification:Python package in 'src/my_tcp_sender' passes arguments to the setup() function which requires a different identification extension than 'python'
[0.174s] Level 1:colcon.colcon_core.package_identification:_identify(src/my_tcp_sender) by extensions ['python_setup_py']
[0.174s] Level 1:colcon.colcon_core.package_identification:_identify(src/my_tcp_sender) by extension 'python_setup_py'
[0.401s] DEBUG:colcon.colcon_core.package_identification:Package 'src/my_tcp_sender' with type 'python' and name 'my_tcp_sender'
[0.401s] Level 1:colcon.colcon_core.package_discovery:discover_packages(recursive) using defaults
[0.402s] Level 1:colcon.colcon_core.package_discovery:discover_packages(ignore) discover
[0.402s] Level 1:colcon.colcon_core.package_discovery:discover_packages(ignore) using defaults
[0.402s] Level 1:colcon.colcon_core.package_discovery:discover_packages(path) discover
[0.402s] Level 1:colcon.colcon_core.package_discovery:discover_packages(path) using defaults
[0.423s] Level 1:colcon.colcon_core.package_discovery:discover_packages(prefix_path) check parameters
[0.423s] Level 1:colcon.colcon_core.package_discovery:discover_packages(prefix_path) discover
[0.425s] DEBUG:colcon.colcon_installed_package_information.package_discovery:Found 3 installed packages in /home/samar/mb6-space/install
[0.427s] DEBUG:colcon.colcon_installed_package_information.package_discovery:Found 371 installed packages in /opt/ros/iron
[0.429s] Level 1:colcon.colcon_core.package_discovery:discover_packages(prefix_path) using defaults
[0.478s] Level 5:colcon.colcon_core.verb:set package 'my_tcp_sender' build argument 'cmake_args' from command line to 'None'
[0.478s] Level 5:colcon.colcon_core.verb:set package 'my_tcp_sender' build argument 'cmake_target' from command line to 'None'
[0.478s] Level 5:colcon.colcon_core.verb:set package 'my_tcp_sender' build argument 'cmake_target_skip_unavailable' from command line to 'False'
[0.478s] Level 5:colcon.colcon_core.verb:set package 'my_tcp_sender' build argument 'cmake_clean_cache' from command line to 'False'
[0.478s] Level 5:colcon.colcon_core.verb:set package 'my_tcp_sender' build argument 'cmake_clean_first' from command line to 'False'
[0.478s] Level 5:colcon.colcon_core.verb:set package 'my_tcp_sender' build argument 'cmake_force_configure' from command line to 'False'
[0.478s] Level 5:colcon.colcon_core.verb:set package 'my_tcp_sender' build argument 'ament_cmake_args' from command line to 'None'
[0.478s] Level 5:colcon.colcon_core.verb:set package 'my_tcp_sender' build argument 'catkin_cmake_args' from command line to 'None'
[0.479s] Level 5:colcon.colcon_core.verb:set package 'my_tcp_sender' build argument 'catkin_skip_building_tests' from command line to 'False'
[0.479s] DEBUG:colcon.colcon_core.verb:Building package 'my_tcp_sender' with the following arguments: {'ament_cmake_args': None, 'build_base': '/home/samar/my_workspace/build/my_tcp_sender', 'catkin_cmake_args': None, 'catkin_skip_building_tests': False, 'cmake_args': None, 'cmake_clean_cache': False, 'cmake_clean_first': False, 'cmake_force_configure': False, 'cmake_target': None, 'cmake_target_skip_unavailable': False, 'install_base': '/home/samar/my_workspace/install/my_tcp_sender', 'merge_install': False, 'path': '/home/samar/my_workspace/src/my_tcp_sender', 'symlink_install': False, 'test_result_base': None}
[0.479s] INFO:colcon.colcon_core.executor:Executing jobs using 'parallel' executor
[0.480s] DEBUG:colcon.colcon_parallel_executor.executor.parallel:run_until_complete
[0.480s] INFO:colcon.colcon_core.task.python.build:Building Python package in '/home/samar/my_workspace/src/my_tcp_sender'
[0.482s] INFO:colcon.colcon_core.plugin_system:Skipping extension 'colcon_core.shell.bat': Not used on non-Windows systems
[0.483s] INFO:colcon.colcon_core.shell:Skip shell extension 'powershell' for command environment: Not usable outside of PowerShell
[0.483s] DEBUG:colcon.colcon_core.shell:Skip shell extension 'dsv' for command environment
[1.534s] DEBUG:colcon.colcon_core.event_handler.log_command:Invoking command in '/home/samar/my_workspace/src/my_tcp_sender': PYTHONPATH=/home/samar/my_workspace/build/my_tcp_sender/prefix_override:/usr/lib/python3/dist-packages/colcon_core/task/python/colcon_distutils_commands:/home/samar/my_workspace/install/my_tcp_sender/lib/python3.10/site-packages:${PYTHONPATH} /usr/bin/python3 -W ignore:setup.py install is deprecated setup.py egg_info --egg-base ../../build/my_tcp_sender build --build-base /home/samar/my_workspace/build/my_tcp_sender/build install --record /home/samar/my_workspace/build/my_tcp_sender/install.log --single-version-externally-managed install_data
[2.216s] DEBUG:colcon.colcon_core.event_handler.log_command:Invoked command in '/home/samar/my_workspace/src/my_tcp_sender' returned '0': PYTHONPATH=/home/samar/my_workspace/build/my_tcp_sender/prefix_override:/usr/lib/python3/dist-packages/colcon_core/task/python/colcon_distutils_commands:/home/samar/my_workspace/install/my_tcp_sender/lib/python3.10/site-packages:${PYTHONPATH} /usr/bin/python3 -W ignore:setup.py install is deprecated setup.py egg_info --egg-base ../../build/my_tcp_sender build --build-base /home/samar/my_workspace/build/my_tcp_sender/build install --record /home/samar/my_workspace/build/my_tcp_sender/install.log --single-version-externally-managed install_data
[2.218s] Level 1:colcon.colcon_core.environment:checking '/home/samar/my_workspace/install/my_tcp_sender' for CMake module files
[2.218s] Level 1:colcon.colcon_core.environment:checking '/home/samar/my_workspace/install/my_tcp_sender' for CMake config files
[2.219s] Level 1:colcon.colcon_core.environment:checking '/home/samar/my_workspace/install/my_tcp_sender/lib'
[2.219s] Level 1:colcon.colcon_core.environment:checking '/home/samar/my_workspace/install/my_tcp_sender/bin'
[2.219s] Level 1:colcon.colcon_core.environment:checking '/home/samar/my_workspace/install/my_tcp_sender/lib/pkgconfig/my_tcp_sender.pc'
[2.220s] Level 1:colcon.colcon_core.environment:checking '/home/samar/my_workspace/install/my_tcp_sender/lib/python3.10/site-packages'
[2.220s] Level 1:colcon.colcon_core.shell:create_environment_hook('my_tcp_sender', 'pythonpath')
[2.220s] INFO:colcon.colcon_core.shell:Creating environment hook '/home/samar/my_workspace/install/my_tcp_sender/share/my_tcp_sender/hook/pythonpath.ps1'
[2.221s] INFO:colcon.colcon_core.shell:Creating environment descriptor '/home/samar/my_workspace/install/my_tcp_sender/share/my_tcp_sender/hook/pythonpath.dsv'
[2.222s] INFO:colcon.colcon_core.shell:Creating environment hook '/home/samar/my_workspace/install/my_tcp_sender/share/my_tcp_sender/hook/pythonpath.sh'
[2.223s] Level 1:colcon.colcon_core.environment:checking '/home/samar/my_workspace/install/my_tcp_sender/bin'
[2.223s] Level 1:colcon.colcon_core.environment:create_environment_scripts_only(my_tcp_sender)
[2.223s] INFO:colcon.colcon_core.shell:Creating package script '/home/samar/my_workspace/install/my_tcp_sender/share/my_tcp_sender/package.ps1'
[2.224s] INFO:colcon.colcon_core.shell:Creating package descriptor '/home/samar/my_workspace/install/my_tcp_sender/share/my_tcp_sender/package.dsv'
[2.225s] INFO:colcon.colcon_core.shell:Creating package script '/home/samar/my_workspace/install/my_tcp_sender/share/my_tcp_sender/package.sh'
[2.226s] INFO:colcon.colcon_core.shell:Creating package script '/home/samar/my_workspace/install/my_tcp_sender/share/my_tcp_sender/package.bash'
[2.227s] INFO:colcon.colcon_core.shell:Creating package script '/home/samar/my_workspace/install/my_tcp_sender/share/my_tcp_sender/package.zsh'
[2.227s] Level 1:colcon.colcon_core.environment:create_file_with_runtime_dependencies(/home/samar/my_workspace/install/my_tcp_sender/share/colcon-core/packages/my_tcp_sender)
[2.228s] DEBUG:colcon.colcon_parallel_executor.executor.parallel:closing loop
[2.228s] DEBUG:colcon.colcon_parallel_executor.executor.parallel:loop closed
[2.228s] DEBUG:colcon.colcon_parallel_executor.executor.parallel:run_until_complete finished with '0'
[2.228s] DEBUG:colcon.colcon_core.event_reactor:joining thread
[2.234s] INFO:colcon.colcon_core.plugin_system:Skipping extension 'colcon_notification.desktop_notification.notify_send': Could not find 'notify-send'
[2.234s] INFO:colcon.colcon_core.plugin_system:Skipping extension 'colcon_notification.desktop_notification.terminal_notifier': Not used on non-Darwin systems
[2.234s] INFO:colcon.colcon_core.plugin_system:Skipping extension 'colcon_notification.desktop_notification.win32': Not used on non-Windows systems
[2.234s] INFO:colcon.colcon_notification.desktop_notification:Sending desktop notification using 'notify2'
[2.252s] DEBUG:colcon.colcon_core.event_reactor:joined thread
[2.253s] INFO:colcon.colcon_core.shell:Creating prefix script '/home/samar/my_workspace/install/local_setup.ps1'
[2.255s] INFO:colcon.colcon_core.shell:Creating prefix util module '/home/samar/my_workspace/install/_local_setup_util_ps1.py'
[2.256s] INFO:colcon.colcon_core.shell:Creating prefix chain script '/home/samar/my_workspace/install/setup.ps1'
[2.258s] INFO:colcon.colcon_core.shell:Creating prefix script '/home/samar/my_workspace/install/local_setup.sh'
[2.258s] INFO:colcon.colcon_core.shell:Creating prefix util module '/home/samar/my_workspace/install/_local_setup_util_sh.py'
[2.259s] INFO:colcon.colcon_core.shell:Creating prefix chain script '/home/samar/my_workspace/install/setup.sh'
[2.260s] INFO:colcon.colcon_core.shell:Creating prefix script '/home/samar/my_workspace/install/local_setup.bash'
[2.261s] INFO:colcon.colcon_core.shell:Creating prefix chain script '/home/samar/my_workspace/install/setup.bash'
[2.262s] INFO:colcon.colcon_core.shell:Creating prefix script '/home/samar/my_workspace/install/local_setup.zsh'
[2.263s] INFO:colcon.colcon_core.shell:Creating prefix chain script '/home/samar/my_workspace/install/setup.zsh'
