[1.037s] Invoking command in '/home/samar/my_workspace/src/my_tcp_sender': PYTHONPATH=/home/samar/my_workspace/build/my_tcp_sender/prefix_override:/usr/lib/python3/dist-packages/colcon_core/task/python/colcon_distutils_commands:/home/samar/my_workspace/install/my_tcp_sender/lib/python3.10/site-packages:${PYTHONPATH} /usr/bin/python3 -W ignore:setup.py install is deprecated setup.py egg_info --egg-base ../../build/my_tcp_sender build --build-base /home/samar/my_workspace/build/my_tcp_sender/build install --record /home/samar/my_workspace/build/my_tcp_sender/install.log --single-version-externally-managed install_data
[1.322s] running egg_info
[1.342s] writing ../../build/my_tcp_sender/my_tcp_sender.egg-info/PKG-INFO
[1.343s] writing dependency_links to ../../build/my_tcp_sender/my_tcp_sender.egg-info/dependency_links.txt
[1.343s] writing entry points to ../../build/my_tcp_sender/my_tcp_sender.egg-info/entry_points.txt
[1.343s] writing requirements to ../../build/my_tcp_sender/my_tcp_sender.egg-info/requires.txt
[1.344s] writing top-level names to ../../build/my_tcp_sender/my_tcp_sender.egg-info/top_level.txt
[1.520s] reading manifest file '../../build/my_tcp_sender/my_tcp_sender.egg-info/SOURCES.txt'
[1.522s] writing manifest file '../../build/my_tcp_sender/my_tcp_sender.egg-info/SOURCES.txt'
[1.522s] running build
[1.522s] running build_py
[1.522s] copying my_tcp_sender/temp_control_node.py -> /home/samar/my_workspace/build/my_tcp_sender/build/lib/my_tcp_sender
[1.522s] copying my_tcp_sender/__init__.py -> /home/samar/my_workspace/build/my_tcp_sender/build/lib/my_tcp_sender
[1.523s] copying my_tcp_sender/turtle_control_node.py -> /home/samar/my_workspace/build/my_tcp_sender/build/lib/my_tcp_sender
[1.523s] copying my_tcp_sender/tcp_sender_node.py -> /home/samar/my_workspace/build/my_tcp_sender/build/lib/my_tcp_sender
[1.523s] running install
[1.532s] running install_lib
[1.552s] copying /home/samar/my_workspace/build/my_tcp_sender/build/lib/my_tcp_sender/temp_control_node.py -> /home/samar/my_workspace/install/my_tcp_sender/lib/python3.10/site-packages/my_tcp_sender
[1.552s] copying /home/samar/my_workspace/build/my_tcp_sender/build/lib/my_tcp_sender/tcp_sender_node.py -> /home/samar/my_workspace/install/my_tcp_sender/lib/python3.10/site-packages/my_tcp_sender
[1.553s] byte-compiling /home/samar/my_workspace/install/my_tcp_sender/lib/python3.10/site-packages/my_tcp_sender/temp_control_node.py to temp_control_node.cpython-310.pyc
[1.553s] byte-compiling /home/samar/my_workspace/install/my_tcp_sender/lib/python3.10/site-packages/my_tcp_sender/tcp_sender_node.py to tcp_sender_node.cpython-310.pyc
[1.554s] running install_data
[1.554s] copying resource/my_tcp_sender -> /home/samar/my_workspace/install/my_tcp_sender/share/ament_index/resource_index/packages
[1.554s] copying package.xml -> /home/samar/my_workspace/install/my_tcp_sender/share/my_tcp_sender
[1.554s] running install_egg_info
[1.575s] removing '/home/samar/my_workspace/install/my_tcp_sender/lib/python3.10/site-packages/my_tcp_sender-0.0.1-py3.10.egg-info' (and everything under it)
[1.575s] Copying ../../build/my_tcp_sender/my_tcp_sender.egg-info to /home/samar/my_workspace/install/my_tcp_sender/lib/python3.10/site-packages/my_tcp_sender-0.0.1-py3.10.egg-info
[1.576s] running install_scripts
[1.621s] Installing tcp_sender_node script to /home/samar/my_workspace/install/my_tcp_sender/lib/my_tcp_sender
[1.621s] writing list of installed files to '/home/samar/my_workspace/build/my_tcp_sender/install.log'
[1.656s] Invoked command in '/home/samar/my_workspace/src/my_tcp_sender' returned '0': PYTHONPATH=/home/samar/my_workspace/build/my_tcp_sender/prefix_override:/usr/lib/python3/dist-packages/colcon_core/task/python/colcon_distutils_commands:/home/samar/my_workspace/install/my_tcp_sender/lib/python3.10/site-packages:${PYTHONPATH} /usr/bin/python3 -W ignore:setup.py install is deprecated setup.py egg_info --egg-base ../../build/my_tcp_sender build --build-base /home/samar/my_workspace/build/my_tcp_sender/build install --record /home/samar/my_workspace/build/my_tcp_sender/install.log --single-version-externally-managed install_data
